

Starting...
6 7 4 2 10
It's the opponents move now... waiting...
Debug: Opponents Incoming move: 5 1
Opponent move: 5 1
Attempting to play move... Column: 5 Type: 1 Player: b
Got to the end of opponents move

Switching Players

------ Board ------
| x | x | x | x | x | x | x |
| x | x | x | x | x | x | x |
| x | x | x | x | x | x | x |
| x | x | x | x | x | x | x |
| x | x | x | x | x | x | x |
| x | x | x | x | x | b | x |
------ ----- ------

I'm going to play a move
Move to send is: 4 1
Attempting to play move... Column: 4 Type: 1 Player: a
End of my turn

Switching Players

------ Board ------
| x | x | x | x | x | x | x |
| x | x | x | x | x | x | x |
| x | x | x | x | x | x | x |
| x | x | x | x | x | x | x |
| x | x | x | x | x | x | x |
| x | x | x | x | a | b | x |
------ ----- ------

It's the opponents move now... waiting...
Debug: Opponents Incoming move: 1 1
Opponent move: 1 1
Attempting to play move... Column: 1 Type: 1 Player: b
Got to the end of opponents move

Switching Players

------ Board ------
| x | x | x | x | x | x | x |
| x | x | x | x | x | x | x |
| x | x | x | x | x | x | x |
| x | x | x | x | x | x | x |
| x | x | x | x | x | x | x |
| x | b | x | x | a | b | x |
------ ----- ------

I'm going to play a move
Move to send is: 4 1
Attempting to play move... Column: 4 Type: 1 Player: a
End of my turn

Switching Players

------ Board ------
| x | x | x | x | x | x | x |
| x | x | x | x | x | x | x |
| x | x | x | x | x | x | x |
| x | x | x | x | x | x | x |
| x | x | x | x | a | x | x |
| x | b | x | x | a | b | x |
------ ----- ------

It's the opponents move now... waiting...
Debug: Opponents Incoming move: 3 1
Opponent move: 3 1
Attempting to play move... Column: 3 Type: 1 Player: b
Got to the end of opponents move

Switching Players

------ Board ------
| x | x | x | x | x | x | x |
| x | x | x | x | x | x | x |
| x | x | x | x | x | x | x |
| x | x | x | x | x | x | x |
| x | x | x | x | a | x | x |
| x | b | x | b | a | b | x |
------ ----- ------

I'm going to play a move
Move to send is: 1 1
Attempting to play move... Column: 1 Type: 1 Player: a
End of my turn

Switching Players

------ Board ------
| x | x | x | x | x | x | x |
| x | x | x | x | x | x | x |
| x | x | x | x | x | x | x |
| x | x | x | x | x | x | x |
| x | a | x | x | a | x | x |
| x | b | x | b | a | b | x |
------ ----- ------

It's the opponents move now... waiting...
Debug: Opponents Incoming move: 4 1
Opponent move: 4 1
Attempting to play move... Column: 4 Type: 1 Player: b
Got to the end of opponents move

Switching Players

------ Board ------
| x | x | x | x | x | x | x |
| x | x | x | x | x | x | x |
| x | x | x | x | x | x | x |
| x | x | x | x | b | x | x |
| x | a | x | x | a | x | x |
| x | b | x | b | a | b | x |
------ ----- ------

I'm going to play a move
Move to send is: 2 1
Attempting to play move... Column: 2 Type: 1 Player: a
End of my turn

Switching Players

------ Board ------
| x | x | x | x | x | x | x |
| x | x | x | x | x | x | x |
| x | x | x | x | x | x | x |
| x | x | x | x | b | x | x |
| x | a | x | x | a | x | x |
| x | b | a | b | a | b | x |
------ ----- ------

It's the opponents move now... waiting...
Debug: Opponents Incoming move: 0 1
Opponent move: 0 1
Attempting to play move... Column: 0 Type: 1 Player: b
Got to the end of opponents move

Switching Players

------ Board ------
| x | x | x | x | x | x | x |
| x | x | x | x | x | x | x |
| x | x | x | x | x | x | x |
| x | x | x | x | b | x | x |
| x | a | x | x | a | x | x |
| b | b | a | b | a | b | x |
------ ----- ------

I'm going to play a move
Move to send is: 5 1
Attempting to play move... Column: 5 Type: 1 Player: a
End of my turn

Switching Players

------ Board ------
| x | x | x | x | x | x | x |
| x | x | x | x | x | x | x |
| x | x | x | x | x | x | x |
| x | x | x | x | b | x | x |
| x | a | x | x | a | a | x |
| b | b | a | b | a | b | x |
------ ----- ------

It's the opponents move now... waiting...
Debug: Opponents Incoming move: 2 1
Opponent move: 2 1
Attempting to play move... Column: 2 Type: 1 Player: b
Got to the end of opponents move

Switching Players

------ Board ------
| x | x | x | x | x | x | x |
| x | x | x | x | x | x | x |
| x | x | x | x | x | x | x |
| x | x | x | x | b | x | x |
| x | a | b | x | a | a | x |
| b | b | a | b | a | b | x |
------ ----- ------

I'm going to play a move
Move to send is: 4 1
Attempting to play move... Column: 4 Type: 1 Player: a
End of my turn

Switching Players

------ Board ------
| x | x | x | x | x | x | x |
| x | x | x | x | x | x | x |
| x | x | x | x | a | x | x |
| x | x | x | x | b | x | x |
| x | a | b | x | a | a | x |
| b | b | a | b | a | b | x |
------ ----- ------

It's the opponents move now... waiting...
Debug: Opponents Incoming move: 5 1
Opponent move: 5 1
Attempting to play move... Column: 5 Type: 1 Player: b
Got to the end of opponents move

Switching Players

------ Board ------
| x | x | x | x | x | x | x |
| x | x | x | x | x | x | x |
| x | x | x | x | a | x | x |
| x | x | x | x | b | b | x |
| x | a | b | x | a | a | x |
| b | b | a | b | a | b | x |
------ ----- ------

I'm going to play a move
Move to send is: 4 1
Attempting to play move... Column: 4 Type: 1 Player: a
End of my turn

Switching Players

------ Board ------
| x | x | x | x | x | x | x |
| x | x | x | x | a | x | x |
| x | x | x | x | a | x | x |
| x | x | x | x | b | b | x |
| x | a | b | x | a | a | x |
| b | b | a | b | a | b | x |
------ ----- ------

It's the opponents move now... waiting...
Debug: Opponents Incoming move: 6 1
Opponent move: 6 1
Attempting to play move... Column: 6 Type: 1 Player: b
Got to the end of opponents move

Switching Players

------ Board ------
| x | x | x | x | x | x | x |
| x | x | x | x | a | x | x |
| x | x | x | x | a | x | x |
| x | x | x | x | b | b | x |
| x | a | b | x | a | a | x |
| b | b | a | b | a | b | b |
------ ----- ------

I'm going to play a move
Move to send is: 6 1
Attempting to play move... Column: 6 Type: 1 Player: a
End of my turn

Switching Players

------ Board ------
| x | x | x | x | x | x | x |
| x | x | x | x | a | x | x |
| x | x | x | x | a | x | x |
| x | x | x | x | b | b | x |
| x | a | b | x | a | a | a |
| b | b | a | b | a | b | b |
------ ----- ------

It's the opponents move now... waiting...
Debug: Opponents Incoming move: 5 1
Opponent move: 5 1
Attempting to play move... Column: 5 Type: 1 Player: b
Got to the end of opponents move

Switching Players

------ Board ------
| x | x | x | x | x | x | x |
| x | x | x | x | a | x | x |
| x | x | x | x | a | b | x |
| x | x | x | x | b | b | x |
| x | a | b | x | a | a | a |
| b | b | a | b | a | b | b |
------ ----- ------

I'm going to play a move
Move to send is: 2 1
Attempting to play move... Column: 2 Type: 1 Player: a
End of my turn

Switching Players

------ Board ------
| x | x | x | x | x | x | x |
| x | x | x | x | a | x | x |
| x | x | x | x | a | b | x |
| x | x | a | x | b | b | x |
| x | a | b | x | a | a | a |
| b | b | a | b | a | b | b |
------ ----- ------

It's the opponents move now... waiting...
Debug: Opponents Incoming move: 6 1
Opponent move: 6 1
Attempting to play move... Column: 6 Type: 1 Player: b
Got to the end of opponents move

Switching Players

------ Board ------
| x | x | x | x | x | x | x |
| x | x | x | x | a | x | x |
| x | x | x | x | a | b | x |
| x | x | a | x | b | b | b |
| x | a | b | x | a | a | a |
| b | b | a | b | a | b | b |
------ ----- ------

I'm going to play a move
Move to send is: 0 1
Attempting to play move... Column: 0 Type: 1 Player: a
End of my turn

Switching Players

------ Board ------
| x | x | x | x | x | x | x |
| x | x | x | x | a | x | x |
| x | x | x | x | a | b | x |
| x | x | a | x | b | b | b |
| a | a | b | x | a | a | a |
| b | b | a | b | a | b | b |
------ ----- ------

It's the opponents move now... waiting...
Debug: Opponents Incoming move: 6 1
Opponent move: 6 1
Attempting to play move... Column: 6 Type: 1 Player: b
Got to the end of opponents move

Switching Players

------ Board ------
| x | x | x | x | x | x | x |
| x | x | x | x | a | x | x |
| x | x | x | x | a | b | b |
| x | x | a | x | b | b | b |
| a | a | b | x | a | a | a |
| b | b | a | b | a | b | b |
------ ----- ------

I'm going to play a move
Move to send is: 3 1
Attempting to play move... Column: 3 Type: 1 Player: a
End of my turn

Switching Players

------ Board ------
| x | x | x | x | x | x | x |
| x | x | x | x | a | x | x |
| x | x | x | x | a | b | b |
| x | x | a | x | b | b | b |
| a | a | b | a | a | a | a |
| b | b | a | b | a | b | b |
------ ----- ------

It's the opponents move now... waiting...
